<?xml version="1.0" encoding="UTF-8"?>
<testng-results ignored="0" total="1" passed="1" failed="0" skipped="0">
  <reporter-output>
  </reporter-output>
  <suite started-at="2022-06-04T09:18:09 IST" name="Suite" finished-at="2022-06-04T09:18:22 IST" duration-ms="12723">
    <groups>
    </groups>
    <test started-at="2022-06-04T09:18:09 IST" name="Running SprintOne Test Cases" finished-at="2022-06-04T09:18:22 IST" duration-ms="12723">
      <class name="functionaltestcases.SprintOne">
        <test-method is-config="true" signature="startReport()[pri:0, instance:functionaltestcases.SprintOne@28f2a10f]" started-at="2022-06-04T09:18:09 IST" name="startReport" finished-at="2022-06-04T09:18:09 IST" duration-ms="239" status="PASS">
          <reporter-output>
          </reporter-output>
        </test-method> <!-- startReport -->
        <test-method is-config="true" signature="LaunchBrowser(java.lang.String,java.lang.String)[pri:0, instance:functionaltestcases.SprintOne@28f2a10f]" started-at="2022-06-04T09:18:09 IST" name="LaunchBrowser" finished-at="2022-06-04T09:18:16 IST" duration-ms="6963" status="PASS">
          <params>
            <param index="0">
              <value>
                <![CDATA[chrome]]>
              </value>
            </param>
            <param index="1">
              <value>
                <![CDATA[https://opensource-demo.orangehrmlive.com/]]>
              </value>
            </param>
          </params>
          <reporter-output>
          </reporter-output>
        </test-method> <!-- LaunchBrowser -->
        <test-method signature="tc01()[pri:0, instance:functionaltestcases.SprintOne@28f2a10f]" started-at="2022-06-04T09:18:16 IST" name="tc01" finished-at="2022-06-04T09:18:22 IST" duration-ms="5646" status="PASS">
          <reporter-output>
          </reporter-output>
        </test-method> <!-- tc01 -->
        <test-method is-config="true" signature="CloseBrowser()[pri:0, instance:functionaltestcases.SprintOne@28f2a10f]" started-at="2022-06-04T09:18:22 IST" name="CloseBrowser" finished-at="2022-06-04T09:18:22 IST" duration-ms="68" status="PASS">
          <reporter-output>
          </reporter-output>
        </test-method> <!-- CloseBrowser -->
        <test-method is-config="true" signature="getResult(org.testng.ITestResult)[pri:0, instance:functionaltestcases.SprintOne@28f2a10f]" started-at="2022-06-04T09:18:22 IST" name="getResult" finished-at="2022-06-04T09:18:22 IST" duration-ms="1" status="PASS">
          <params>
            <param index="0">
              <value>
                <![CDATA[[TestResult name=tc01 status=SUCCESS method=SprintOne.tc01()[pri:0, instance:functionaltestcases.SprintOne@28f2a10f] output={null}]]]>
              </value>
            </param>
          </params>
          <reporter-output>
          </reporter-output>
        </test-method> <!-- getResult -->
        <test-method is-config="true" signature="endReport()[pri:0, instance:functionaltestcases.SprintOne@28f2a10f]" started-at="2022-06-04T09:18:22 IST" name="endReport" finished-at="2022-06-04T09:18:22 IST" duration-ms="319" status="PASS">
          <reporter-output>
          </reporter-output>
        </test-method> <!-- endReport -->
      </class> <!-- functionaltestcases.SprintOne -->
    </test> <!-- Running SprintOne Test Cases -->
  </suite> <!-- Suite -->
</testng-results>
